<?xml version="1.0" encoding="UTF-8"?>
<!-- Generated by org.testng.reporters.JUnitXMLReporter -->
<testsuite ignored="0" hostname="LTB-IBE1536" failures="0" tests="4" name="Default test" time="37.691" errors="0" timestamp="2022-11-18T08:49:42 IST">
  <testcase classname="smokeSuite.Anesco_LoginTest" name="HomepageTitle" time="0.037"/>
  <testcase classname="smokeSuite.Anesco_LoginTest" name="verifyLogo" time="0.034"/>
  <testcase classname="smokeSuite.Anesco_LoginTest" name="VerifyVersion" time="0.023"/>
  <testcase classname="smokeSuite.Anesco_LoginTest" name="Login" time="14.882"/>
</testsuite> <!-- Default test -->
