<?xml version="1.0" encoding="UTF-8"?>
<testng-results ignored="0" total="4" passed="4" failed="0" skipped="0">
  <reporter-output>
    <line>
      <![CDATA[The application launched]]>
    </line>
    <line>
      <![CDATA[The Assert verification Pass for Title]]>
    </line>
    <line>
      <![CDATA[The Driver session is Closed completely]]>
    </line>
    <line>
      <![CDATA[The application launched]]>
    </line>
    <line>
      <![CDATA[logo is displayed – Assert passed]]>
    </line>
    <line>
      <![CDATA[The Driver session is Closed completely]]>
    </line>
    <line>
      <![CDATA[The application launched]]>
    </line>
    <line>
      <![CDATA[The current deployed build version is Version 1.14.0]]>
    </line>
    <line>
      <![CDATA[The Driver session is Closed completely]]>
    </line>
    <line>
      <![CDATA[The application launched]]>
    </line>
    <line>
      <![CDATA[Clicking on Sign in with Azure to login]]>
    </line>
    <line>
      <![CDATA[User Enters the Username]]>
    </line>
    <line>
      <![CDATA[User Enters the Password]]>
    </line>
    <line>
      <![CDATA[The title of the current Page isSign in to your account]]>
    </line>
    <line>
      <![CDATA[user logged in successfuly]]>
    </line>
  </reporter-output>
  <suite started-at="2022-11-18T09:03:02 IST" name="Testing Google Apps" finished-at="2022-11-18T09:03:39 IST" duration-ms="37004">
    <groups>
    </groups>
    <test started-at="2022-11-18T09:03:02 IST" name="SmokeSuite" finished-at="2022-11-18T09:03:39 IST" duration-ms="37004">
      <class name="smokeSuite.Anesco_LoginTest">
        <test-method is-config="true" signature="setUp()[pri:0, instance:smokeSuite.Anesco_LoginTest@3d6f0054]" started-at="2022-11-18T09:03:02 IST" name="setUp" finished-at="2022-11-18T09:03:11 IST" duration-ms="8284" status="PASS">
          <reporter-output>
            <line>
              <![CDATA[The application launched]]>
            </line>
          </reporter-output>
        </test-method> <!-- setUp -->
        <test-method signature="HomepageTitle()[pri:0, instance:smokeSuite.Anesco_LoginTest@3d6f0054]" started-at="2022-11-18T09:03:11 IST" name="HomepageTitle" finished-at="2022-11-18T09:03:11 IST" duration-ms="40" status="PASS">
          <reporter-output>
            <line>
              <![CDATA[The Assert verification Pass for Title]]>
            </line>
          </reporter-output>
        </test-method> <!-- HomepageTitle -->
        <test-method is-config="true" signature="ExistBrowser()[pri:0, instance:smokeSuite.Anesco_LoginTest@3d6f0054]" started-at="2022-11-18T09:03:11 IST" name="ExistBrowser" finished-at="2022-11-18T09:03:11 IST" duration-ms="451" status="PASS">
          <reporter-output>
            <line>
              <![CDATA[The Driver session is Closed completely]]>
            </line>
          </reporter-output>
        </test-method> <!-- ExistBrowser -->
        <test-method is-config="true" signature="setUp()[pri:0, instance:smokeSuite.Anesco_LoginTest@3d6f0054]" started-at="2022-11-18T09:03:11 IST" name="setUp" finished-at="2022-11-18T09:03:15 IST" duration-ms="3603" status="PASS">
          <reporter-output>
            <line>
              <![CDATA[The application launched]]>
            </line>
          </reporter-output>
        </test-method> <!-- setUp -->
        <test-method signature="verifyLogo()[pri:1, instance:smokeSuite.Anesco_LoginTest@3d6f0054]" started-at="2022-11-18T09:03:15 IST" name="verifyLogo" finished-at="2022-11-18T09:03:15 IST" duration-ms="38" status="PASS">
          <reporter-output>
            <line>
              <![CDATA[logo is displayed – Assert passed]]>
            </line>
          </reporter-output>
        </test-method> <!-- verifyLogo -->
        <test-method is-config="true" signature="ExistBrowser()[pri:0, instance:smokeSuite.Anesco_LoginTest@3d6f0054]" started-at="2022-11-18T09:03:15 IST" name="ExistBrowser" finished-at="2022-11-18T09:03:15 IST" duration-ms="395" status="PASS">
          <reporter-output>
            <line>
              <![CDATA[The Driver session is Closed completely]]>
            </line>
          </reporter-output>
        </test-method> <!-- ExistBrowser -->
        <test-method is-config="true" signature="setUp()[pri:0, instance:smokeSuite.Anesco_LoginTest@3d6f0054]" started-at="2022-11-18T09:03:15 IST" name="setUp" finished-at="2022-11-18T09:03:18 IST" duration-ms="3286" status="PASS">
          <reporter-output>
            <line>
              <![CDATA[The application launched]]>
            </line>
          </reporter-output>
        </test-method> <!-- setUp -->
        <test-method signature="VerifyVersion()[pri:2, instance:smokeSuite.Anesco_LoginTest@3d6f0054]" started-at="2022-11-18T09:03:18 IST" name="VerifyVersion" finished-at="2022-11-18T09:03:18 IST" duration-ms="26" status="PASS">
          <reporter-output>
            <line>
              <![CDATA[The current deployed build version is Version 1.14.0]]>
            </line>
          </reporter-output>
        </test-method> <!-- VerifyVersion -->
        <test-method is-config="true" signature="ExistBrowser()[pri:0, instance:smokeSuite.Anesco_LoginTest@3d6f0054]" started-at="2022-11-18T09:03:18 IST" name="ExistBrowser" finished-at="2022-11-18T09:03:19 IST" duration-ms="354" status="PASS">
          <reporter-output>
            <line>
              <![CDATA[The Driver session is Closed completely]]>
            </line>
          </reporter-output>
        </test-method> <!-- ExistBrowser -->
        <test-method is-config="true" signature="setUp()[pri:0, instance:smokeSuite.Anesco_LoginTest@3d6f0054]" started-at="2022-11-18T09:03:19 IST" name="setUp" finished-at="2022-11-18T09:03:23 IST" duration-ms="4467" status="PASS">
          <reporter-output>
            <line>
              <![CDATA[The application launched]]>
            </line>
          </reporter-output>
        </test-method> <!-- setUp -->
        <test-method signature="Login()[pri:3, instance:smokeSuite.Anesco_LoginTest@3d6f0054]" started-at="2022-11-18T09:03:23 IST" name="Login" finished-at="2022-11-18T09:03:39 IST" duration-ms="15986" status="PASS">
          <reporter-output>
            <line>
              <![CDATA[Clicking on Sign in with Azure to login]]>
            </line>
            <line>
              <![CDATA[User Enters the Username]]>
            </line>
            <line>
              <![CDATA[User Enters the Password]]>
            </line>
            <line>
              <![CDATA[The title of the current Page isSign in to your account]]>
            </line>
            <line>
              <![CDATA[user logged in successfuly]]>
            </line>
          </reporter-output>
        </test-method> <!-- Login -->
        <test-method is-config="true" signature="ExistBrowser()[pri:0, instance:smokeSuite.Anesco_LoginTest@3d6f0054]" started-at="2022-11-18T09:03:39 IST" name="ExistBrowser" finished-at="2022-11-18T09:03:39 IST" duration-ms="37" status="FAIL">
          <exception class="org.openqa.selenium.NoSuchWindowException">
            <message>
              <![CDATA[no such window: target window already closed
from unknown error: web view not found
  (Session info: chrome=107.0.5304.107)
Build info: version: '4.4.0', revision: 'e5c75ed026a'
System info: host: 'LTB-IBE1536', ip: '10.81.234.6', os.name: 'Windows 10', os.arch: 'amd64', os.version: '10.0', java.version: '11.0.16'
Driver info: org.openqa.selenium.chrome.ChromeDriver
Command: [1f54ad69e34a8412df3c383fb192da9c, close {}]
Capabilities {acceptInsecureCerts: false, browserName: chrome, browserVersion: 107.0.5304.107, chrome: {chromedriverVersion: 107.0.5304.62 (1eec40d3a576..., userDataDir: C:\Users\KIRANM~1.NAG\AppDa...}, goog:chromeOptions: {debuggerAddress: localhost:63747}, networkConnectionEnabled: false, pageLoadStrategy: normal, platformName: WINDOWS, proxy: Proxy(), se:cdp: ws://localhost:63747/devtoo..., se:cdpVersion: 107.0.5304.107, setWindowRect: true, strictFileInteractability: false, timeouts: {implicit: 0, pageLoad: 300000, script: 30000}, unhandledPromptBehavior: dismiss and notify, webauthn:extension:credBlob: true, webauthn:extension:largeBlob: true, webauthn:virtualAuthenticators: true}
Session ID: 1f54ad69e34a8412df3c383fb192da9c]]>
            </message>
            <full-stacktrace>
              <![CDATA[org.openqa.selenium.NoSuchWindowException: no such window: target window already closed
from unknown error: web view not found
  (Session info: chrome=107.0.5304.107)
Build info: version: '4.4.0', revision: 'e5c75ed026a'
System info: host: 'LTB-IBE1536', ip: '10.81.234.6', os.name: 'Windows 10', os.arch: 'amd64', os.version: '10.0', java.version: '11.0.16'
Driver info: org.openqa.selenium.chrome.ChromeDriver
Command: [1f54ad69e34a8412df3c383fb192da9c, close {}]
Capabilities {acceptInsecureCerts: false, browserName: chrome, browserVersion: 107.0.5304.107, chrome: {chromedriverVersion: 107.0.5304.62 (1eec40d3a576..., userDataDir: C:\Users\KIRANM~1.NAG\AppDa...}, goog:chromeOptions: {debuggerAddress: localhost:63747}, networkConnectionEnabled: false, pageLoadStrategy: normal, platformName: WINDOWS, proxy: Proxy(), se:cdp: ws://localhost:63747/devtoo..., se:cdpVersion: 107.0.5304.107, setWindowRect: true, strictFileInteractability: false, timeouts: {implicit: 0, pageLoad: 300000, script: 30000}, unhandledPromptBehavior: dismiss and notify, webauthn:extension:credBlob: true, webauthn:extension:largeBlob: true, webauthn:virtualAuthenticators: true}
Session ID: 1f54ad69e34a8412df3c383fb192da9c
at java.base/jdk.internal.reflect.NativeConstructorAccessorImpl.newInstance0(Native Method)
at java.base/jdk.internal.reflect.NativeConstructorAccessorImpl.newInstance(NativeConstructorAccessorImpl.java:62)
at java.base/jdk.internal.reflect.DelegatingConstructorAccessorImpl.newInstance(DelegatingConstructorAccessorImpl.java:45)
at java.base/java.lang.reflect.Constructor.newInstance(Constructor.java:490)
at org.openqa.selenium.remote.codec.w3c.W3CHttpResponseCodec.createException(W3CHttpResponseCodec.java:200)
at org.openqa.selenium.remote.codec.w3c.W3CHttpResponseCodec.decode(W3CHttpResponseCodec.java:133)
at org.openqa.selenium.remote.codec.w3c.W3CHttpResponseCodec.decode(W3CHttpResponseCodec.java:53)
at org.openqa.selenium.remote.HttpCommandExecutor.execute(HttpCommandExecutor.java:184)
at org.openqa.selenium.remote.service.DriverCommandExecutor.invokeExecute(DriverCommandExecutor.java:167)
at org.openqa.selenium.remote.service.DriverCommandExecutor.execute(DriverCommandExecutor.java:142)
at org.openqa.selenium.remote.RemoteWebDriver.execute(RemoteWebDriver.java:547)
at org.openqa.selenium.remote.RemoteWebDriver.execute(RemoteWebDriver.java:602)
at org.openqa.selenium.remote.RemoteWebDriver.execute(RemoteWebDriver.java:606)
at org.openqa.selenium.remote.RemoteWebDriver.close(RemoteWebDriver.java:432)
at smokeSuite.Anesco_LoginTest.ExistBrowser(Anesco_LoginTest.java:112)
at java.base/jdk.internal.reflect.NativeMethodAccessorImpl.invoke0(Native Method)
at java.base/jdk.internal.reflect.NativeMethodAccessorImpl.invoke(NativeMethodAccessorImpl.java:62)
at java.base/jdk.internal.reflect.DelegatingMethodAccessorImpl.invoke(DelegatingMethodAccessorImpl.java:43)
at java.base/java.lang.reflect.Method.invoke(Method.java:566)
at org.testng.internal.MethodInvocationHelper.invokeMethod(MethodInvocationHelper.java:133)
at org.testng.internal.MethodInvocationHelper.invokeMethodConsideringTimeout(MethodInvocationHelper.java:62)
at org.testng.internal.ConfigInvoker.invokeConfigurationMethod(ConfigInvoker.java:385)
at org.testng.internal.ConfigInvoker.invokeConfigurations(ConfigInvoker.java:321)
at org.testng.internal.TestInvoker.runConfigMethods(TestInvoker.java:700)
at org.testng.internal.TestInvoker.runAfterGroupsConfigurations(TestInvoker.java:676)
at org.testng.internal.TestInvoker.invokeMethod(TestInvoker.java:660)
at org.testng.internal.TestInvoker.invokeTestMethod(TestInvoker.java:173)
at org.testng.internal.MethodRunner.runInSequence(MethodRunner.java:46)
at org.testng.internal.TestInvoker$MethodInvocationAgent.invoke(TestInvoker.java:824)
at org.testng.internal.TestInvoker.invokeTestMethods(TestInvoker.java:146)
at org.testng.internal.TestMethodWorker.invokeTestMethods(TestMethodWorker.java:146)
at org.testng.internal.TestMethodWorker.run(TestMethodWorker.java:128)
at java.base/java.util.ArrayList.forEach(ArrayList.java:1541)
at org.testng.TestRunner.privateRun(TestRunner.java:794)
at org.testng.TestRunner.run(TestRunner.java:596)
at org.testng.SuiteRunner.runTest(SuiteRunner.java:377)
at org.testng.SuiteRunner.runSequentially(SuiteRunner.java:371)
at org.testng.SuiteRunner.privateRun(SuiteRunner.java:332)
at org.testng.SuiteRunner.run(SuiteRunner.java:276)
at org.testng.SuiteRunnerWorker.runSuite(SuiteRunnerWorker.java:53)
at org.testng.SuiteRunnerWorker.run(SuiteRunnerWorker.java:96)
at org.testng.TestNG.runSuitesSequentially(TestNG.java:1212)
at org.testng.TestNG.runSuitesLocally(TestNG.java:1134)
at org.testng.TestNG.runSuites(TestNG.java:1063)
at org.testng.TestNG.run(TestNG.java:1031)
at org.testng.remote.AbstractRemoteTestNG.run(AbstractRemoteTestNG.java:115)
at org.testng.remote.RemoteTestNG.initAndRun(RemoteTestNG.java:251)
at org.testng.remote.RemoteTestNG.main(RemoteTestNG.java:77)
]]>
            </full-stacktrace>
          </exception> <!-- org.openqa.selenium.NoSuchWindowException -->
          <reporter-output>
          </reporter-output>
        </test-method> <!-- ExistBrowser -->
      </class> <!-- smokeSuite.Anesco_LoginTest -->
    </test> <!-- SmokeSuite -->
  </suite> <!-- Testing Google Apps -->
</testng-results>
